1541580574114	mozrunner::runner	INFO	Running command: "/usr/bin/firefox" "-marionette" "-foreground" "-no-remote" "-profile" "/tmp/rust_mozprofile.UT99USWu3GdR"

(firefox:21776): Gtk-WARNING **: 11:49:34.595: Theme parsing error: <data>:1:34: Expected ')' in color definition

(firefox:21776): Gtk-WARNING **: 11:49:34.595: Theme parsing error: <data>:1:77: Expected ')' in color definition
1541580575352	Marionette	INFO	Listening on port 34929
1541580575425	Marionette	WARN	TLS certificate errors will be ignored for this session
1541580582391	Marionette	INFO	Stopped listening on port 34929
[Parent 21776, Gecko_IOThread] WARNING: pipe error (78): Соединение разорвано другой стороной: file /build/firefox-4VfQCB/firefox-63.0+build2/ipc/chromium/src/chrome/common/ipc_channel_posix.cc, line 356
1541580646115	mozrunner::runner	INFO	Running command: "/usr/bin/firefox" "-marionette" "-foreground" "-no-remote" "-profile" "/tmp/rust_mozprofile.GeCfW6KffEpB"

(firefox:22123): Gtk-WARNING **: 11:50:46.589: Theme parsing error: <data>:1:34: Expected ')' in color definition

(firefox:22123): Gtk-WARNING **: 11:50:46.589: Theme parsing error: <data>:1:77: Expected ')' in color definition
1541580647399	Marionette	INFO	Listening on port 40061
1541580647422	Marionette	WARN	TLS certificate errors will be ignored for this session
1541580647467	Marionette	INFO	Stopped listening on port 40061
JavaScript error: resource://activity-stream/lib/ActivityStreamPrefs.jsm, line 29: NS_ERROR_ILLEGAL_VALUE: Component returned failure code: 0x80070057 (NS_ERROR_ILLEGAL_VALUE) [nsIPrefBranch.removeObserver]
JavaScript error: resource://gre/modules/Sqlite.jsm, line 841: Error: Connection is not open.
1541580662679	mozrunner::runner	INFO	Running command: "/usr/bin/firefox" "-marionette" "-foreground" "-no-remote" "-profile" "/tmp/rust_mozprofile.Ux6TfC0O2uah"

(firefox:22352): Gtk-WARNING **: 11:51:03.127: Theme parsing error: <data>:1:34: Expected ')' in color definition

(firefox:22352): Gtk-WARNING **: 11:51:03.127: Theme parsing error: <data>:1:77: Expected ')' in color definition
1541580663942	Marionette	INFO	Listening on port 44657
1541580663988	Marionette	WARN	TLS certificate errors will be ignored for this session
1541580687558	Marionette	INFO	Stopped listening on port 44657
[Parent 22352, Gecko_IOThread] WARNING: pipe error (78): Соединение разорвано другой стороной: file /build/firefox-4VfQCB/firefox-63.0+build2/ipc/chromium/src/chrome/common/ipc_channel_posix.cc, line 356
1541581676176	mozrunner::runner	INFO	Running command: "/usr/bin/firefox" "-marionette" "-foreground" "-no-remote" "-profile" "/tmp/rust_mozprofile.QEWHVw7stZ3e"

(firefox:23590): Gtk-WARNING **: 12:07:56.637: Theme parsing error: <data>:1:34: Expected ')' in color definition

(firefox:23590): Gtk-WARNING **: 12:07:56.637: Theme parsing error: <data>:1:77: Expected ')' in color definition
1541581677423	Marionette	INFO	Listening on port 44655
1541581677487	Marionette	WARN	TLS certificate errors will be ignored for this session
JavaScript warning: https://www.chitai-gorod.ru/search/elasticsearch-js/search.js?v=4, line 155: unreachable code after return statement
JavaScript warning: https://www.chitai-gorod.ru/search/elasticsearch-js/search-result.js?v=8, line 2394: unreachable code after return statement
JavaScript warning: https://www.chitai-gorod.ru/_Incapsula_Resource?SWJIYLWA=719d34d31c8e3a6e6fffd425f7e032f3&ns=1&cb=1400014546, line 1: unreachable code after return statement
JavaScript warning: https://www.chitai-gorod.ru/_Incapsula_Resource?SWJIYLWA=719d34d31c8e3a6e6fffd425f7e032f3&ns=1&cb=1400014546, line 1: unreachable code after return statement
JavaScript warning: https://www.chitai-gorod.ru/_Incapsula_Resource?SWJIYLWA=719d34d31c8e3a6e6fffd425f7e032f3&ns=1&cb=1400014546 line 1 > eval, line 1: unreachable code after return statement
JavaScript error: https://www.gdeslon.ru/landing.js?mid=80969&mode=list, line 107: Error: Error: remote script failed https://usercomebacker.com/input - https://www.gdeslon.ru/landing.js?mid=80969&mode=list: 107
JavaScript error: https://www.gdeslon.ru/landing.js?mid=80969&mode=list, line 107: Error: remote script failed https://usercomebacker.com/input
JavaScript warning: https://www.chitai-gorod.ru/search/elasticsearch-js/search.js?v=4, line 155: unreachable code after return statement
JavaScript warning: https://www.chitai-gorod.ru/search/elasticsearch-js/search-result.js?v=8, line 2394: unreachable code after return statement
1541581791994	Marionette	INFO	Stopped listening on port 44655
JavaScript error: https://code.jivosite.com/script/widget/108059, line 1: NS_ERROR_NOT_INITIALIZED: 
JavaScript error: resource://gre/modules/WebProgressChild.jsm, line 58: TypeError: this.mm.content is null
JavaScript error: resource://gre/modules/WebProgressChild.jsm, line 58: TypeError: this.mm.content is null
[Parent 23590, Gecko_IOThread] WARNING: pipe error (78): Соединение разорвано другой стороной: file /build/firefox-4VfQCB/firefox-63.0+build2/ipc/chromium/src/chrome/common/ipc_channel_posix.cc, line 356
1541581876022	mozrunner::runner	INFO	Running command: "/usr/bin/firefox" "-marionette" "-foreground" "-no-remote" "-profile" "/tmp/rust_mozprofile.32NbMHjxKM2T"

(firefox:24009): Gtk-WARNING **: 12:11:16.461: Theme parsing error: <data>:1:34: Expected ')' in color definition

(firefox:24009): Gtk-WARNING **: 12:11:16.461: Theme parsing error: <data>:1:77: Expected ')' in color definition
1541581877260	Marionette	INFO	Listening on port 46057
1541581877339	Marionette	WARN	TLS certificate errors will be ignored for this session
JavaScript warning: https://www.chitai-gorod.ru/search/elasticsearch-js/search.js?v=4, line 155: unreachable code after return statement
JavaScript warning: https://www.chitai-gorod.ru/search/elasticsearch-js/search-result.js?v=8, line 2394: unreachable code after return statement
JavaScript warning: https://www.chitai-gorod.ru/_Incapsula_Resource?SWJIYLWA=719d34d31c8e3a6e6fffd425f7e032f3&ns=1&cb=1537780693, line 1: unreachable code after return statement
JavaScript warning: https://www.chitai-gorod.ru/_Incapsula_Resource?SWJIYLWA=719d34d31c8e3a6e6fffd425f7e032f3&ns=1&cb=1537780693 line 1 > eval, line 1: unreachable code after return statement
JavaScript error: https://www.gdeslon.ru/landing.js?mid=80969&mode=list, line 107: Error: Error: remote script failed https://usercomebacker.com/input - https://www.gdeslon.ru/landing.js?mid=80969&mode=list: 107
JavaScript error: https://www.gdeslon.ru/landing.js?mid=80969&mode=list, line 107: Error: remote script failed https://usercomebacker.com/input
JavaScript warning: https://www.chitai-gorod.ru/search/elasticsearch-js/search.js?v=4, line 155: unreachable code after return statement
JavaScript warning: https://www.chitai-gorod.ru/search/elasticsearch-js/search-result.js?v=8, line 2394: unreachable code after return statement
1541581916142	Marionette	INFO	Stopped listening on port 46057
[Parent 24009, Gecko_IOThread] WARNING: pipe error (78): Соединение разорвано другой стороной: file /build/firefox-4VfQCB/firefox-63.0+build2/ipc/chromium/src/chrome/common/ipc_channel_posix.cc, line 356
1541581941433	mozrunner::runner	INFO	Running command: "/usr/bin/firefox" "-marionette" "-foreground" "-no-remote" "-profile" "/tmp/rust_mozprofile.YC7OQexBslyg"

(firefox:24431): Gtk-WARNING **: 12:12:21.945: Theme parsing error: <data>:1:34: Expected ')' in color definition

(firefox:24431): Gtk-WARNING **: 12:12:21.945: Theme parsing error: <data>:1:77: Expected ')' in color definition
1541581942818	Marionette	INFO	Listening on port 41947
1541581942847	Marionette	WARN	TLS certificate errors will be ignored for this session
JavaScript warning: https://www.chitai-gorod.ru/search/elasticsearch-js/search.js?v=4, line 155: unreachable code after return statement
JavaScript warning: https://www.chitai-gorod.ru/search/elasticsearch-js/search-result.js?v=8, line 2394: unreachable code after return statement
JavaScript warning: https://www.chitai-gorod.ru/_Incapsula_Resource?SWJIYLWA=719d34d31c8e3a6e6fffd425f7e032f3&ns=1&cb=609414355, line 1: unreachable code after return statement
JavaScript warning: https://www.chitai-gorod.ru/_Incapsula_Resource?SWJIYLWA=719d34d31c8e3a6e6fffd425f7e032f3&ns=1&cb=609414355, line 1: unreachable code after return statement
JavaScript warning: https://www.chitai-gorod.ru/_Incapsula_Resource?SWJIYLWA=719d34d31c8e3a6e6fffd425f7e032f3&ns=1&cb=609414355 line 1 > eval, line 1: unreachable code after return statement
JavaScript error: https://www.gdeslon.ru/landing.js?mid=80969&mode=list, line 107: Error: Error: remote script failed https://usercomebacker.com/input - https://www.gdeslon.ru/landing.js?mid=80969&mode=list: 107
JavaScript error: https://www.gdeslon.ru/landing.js?mid=80969&mode=list, line 107: Error: remote script failed https://usercomebacker.com/input
JavaScript warning: https://www.chitai-gorod.ru/search/elasticsearch-js/search.js?v=4, line 155: unreachable code after return statement
JavaScript warning: https://www.chitai-gorod.ru/search/elasticsearch-js/search-result.js?v=8, line 2394: unreachable code after return statement
1541582054861	Marionette	INFO	Stopped listening on port 41947
[Parent 24431, Gecko_IOThread] WARNING: pipe error (78): Соединение разорвано другой стороной: file /build/firefox-4VfQCB/firefox-63.0+build2/ipc/chromium/src/chrome/common/ipc_channel_posix.cc, line 356
[Parent 24431, Gecko_IOThread] WARNING: pipe error (122): Соединение разорвано другой стороной: file /build/firefox-4VfQCB/firefox-63.0+build2/ipc/chromium/src/chrome/common/ipc_channel_posix.cc, line 356
1541582107838	mozrunner::runner	INFO	Running command: "/usr/bin/firefox" "-marionette" "-foreground" "-no-remote" "-profile" "/tmp/rust_mozprofile.Qh3WK1E2Y0V8"

(firefox:25141): Gtk-WARNING **: 12:15:08.355: Theme parsing error: <data>:1:34: Expected ')' in color definition

(firefox:25141): Gtk-WARNING **: 12:15:08.355: Theme parsing error: <data>:1:77: Expected ')' in color definition
1541582109211	Marionette	INFO	Listening on port 42867
1541582109253	Marionette	WARN	TLS certificate errors will be ignored for this session
JavaScript warning: https://www.chitai-gorod.ru/search/elasticsearch-js/search.js?v=4, line 155: unreachable code after return statement
JavaScript warning: https://www.chitai-gorod.ru/search/elasticsearch-js/search-result.js?v=8, line 2394: unreachable code after return statement
JavaScript error: https://www.gdeslon.ru/landing.js?mid=80969&mode=list, line 107: Error: Error: remote script failed https://usercomebacker.com/input - https://www.gdeslon.ru/landing.js?mid=80969&mode=list: 107
JavaScript error: https://www.gdeslon.ru/landing.js?mid=80969&mode=list, line 107: Error: remote script failed https://usercomebacker.com/input
JavaScript warning: https://www.chitai-gorod.ru/search/elasticsearch-js/search.js?v=4, line 155: unreachable code after return statement
JavaScript warning: https://www.chitai-gorod.ru/search/elasticsearch-js/search-result.js?v=8, line 2394: unreachable code after return statement
1541582134888	Marionette	INFO	Stopped listening on port 42867
JavaScript error: https://code.jivosite.com/script/widget/108059, line 1: NS_ERROR_NOT_INITIALIZED: 
[Parent 25141, Gecko_IOThread] WARNING: pipe error (78): Соединение разорвано другой стороной: file /build/firefox-4VfQCB/firefox-63.0+build2/ipc/chromium/src/chrome/common/ipc_channel_posix.cc, line 356
[Parent 25141, Gecko_IOThread] WARNING: pipe error (109): Соединение разорвано другой стороной: file /build/firefox-4VfQCB/firefox-63.0+build2/ipc/chromium/src/chrome/common/ipc_channel_posix.cc, line 356
1541582343072	mozrunner::runner	INFO	Running command: "/usr/bin/firefox" "-marionette" "-foreground" "-no-remote" "-profile" "/tmp/rust_mozprofile.Jcq3WdBIibPM"

(firefox:26122): Gtk-WARNING **: 12:19:03.560: Theme parsing error: <data>:1:34: Expected ')' in color definition

(firefox:26122): Gtk-WARNING **: 12:19:03.560: Theme parsing error: <data>:1:77: Expected ')' in color definition
1541582344365	Marionette	INFO	Listening on port 32989
1541582344377	Marionette	WARN	TLS certificate errors will be ignored for this session
JavaScript warning: https://www.chitai-gorod.ru/search/elasticsearch-js/search.js?v=4, line 155: unreachable code after return statement
JavaScript warning: https://www.chitai-gorod.ru/search/elasticsearch-js/search-result.js?v=8, line 2394: unreachable code after return statement
JavaScript warning: https://www.chitai-gorod.ru/_Incapsula_Resource?SWJIYLWA=719d34d31c8e3a6e6fffd425f7e032f3&ns=1&cb=707596517, line 1: unreachable code after return statement
JavaScript warning: https://www.chitai-gorod.ru/_Incapsula_Resource?SWJIYLWA=719d34d31c8e3a6e6fffd425f7e032f3&ns=1&cb=707596517, line 1: unreachable code after return statement
JavaScript warning: https://www.chitai-gorod.ru/_Incapsula_Resource?SWJIYLWA=719d34d31c8e3a6e6fffd425f7e032f3&ns=1&cb=707596517 line 1 > eval, line 1: unreachable code after return statement
JavaScript warning: https://www.chitai-gorod.ru/search/elasticsearch-js/search.js?v=4, line 155: unreachable code after return statement
JavaScript warning: https://www.chitai-gorod.ru/search/elasticsearch-js/search-result.js?v=8, line 2394: unreachable code after return statement
1541582455114	Marionette	INFO	Stopped listening on port 32989
JavaScript error: https://code.jivosite.com/script/widget/108059, line 1: NS_ERROR_NOT_INITIALIZED: 
JavaScript error: resource://gre/modules/WebProgressChild.jsm, line 58: TypeError: this.mm.content is null
[Parent 26122, Gecko_IOThread] WARNING: pipe error (78): Соединение разорвано другой стороной: file /build/firefox-4VfQCB/firefox-63.0+build2/ipc/chromium/src/chrome/common/ipc_channel_posix.cc, line 356
[Parent 26122, Gecko_IOThread] WARNING: pipe error (68): Соединение разорвано другой стороной: file /build/firefox-4VfQCB/firefox-63.0+build2/ipc/chromium/src/chrome/common/ipc_channel_posix.cc, line 356
1541582501855	mozrunner::runner	INFO	Running command: "/usr/bin/firefox" "-marionette" "-foreground" "-no-remote" "-profile" "/tmp/rust_mozprofile.TZVnsspm1pES"

(firefox:26863): Gtk-WARNING **: 12:21:42.403: Theme parsing error: <data>:1:34: Expected ')' in color definition

(firefox:26863): Gtk-WARNING **: 12:21:42.403: Theme parsing error: <data>:1:77: Expected ')' in color definition
1541582503372	Marionette	INFO	Listening on port 37153
1541582503466	Marionette	WARN	TLS certificate errors will be ignored for this session
JavaScript warning: https://www.chitai-gorod.ru/search/elasticsearch-js/search.js?v=4, line 155: unreachable code after return statement
JavaScript warning: https://www.chitai-gorod.ru/search/elasticsearch-js/search-result.js?v=8, line 2394: unreachable code after return statement
JavaScript warning: https://www.chitai-gorod.ru/_Incapsula_Resource?SWJIYLWA=719d34d31c8e3a6e6fffd425f7e032f3&ns=1&cb=1398585406, line 1: unreachable code after return statement
JavaScript warning: https://www.chitai-gorod.ru/_Incapsula_Resource?SWJIYLWA=719d34d31c8e3a6e6fffd425f7e032f3&ns=1&cb=1398585406, line 1: unreachable code after return statement
JavaScript warning: https://www.chitai-gorod.ru/_Incapsula_Resource?SWJIYLWA=719d34d31c8e3a6e6fffd425f7e032f3&ns=1&cb=1398585406 line 1 > eval, line 1: unreachable code after return statement
JavaScript warning: https://www.chitai-gorod.ru/search/elasticsearch-js/search.js?v=4, line 155: unreachable code after return statement
JavaScript warning: https://www.chitai-gorod.ru/search/elasticsearch-js/search-result.js?v=8, line 2394: unreachable code after return statement
JavaScript error: chrome://browser/content/urlbarBindings.xml, line 2709: NS_ERROR_FAILURE: Component returned failure code: 0x80004005 (NS_ERROR_FAILURE) [nsIAutoCompleteController.getStyleAt]
1541582538194	Marionette	INFO	Stopped listening on port 37153
[Parent 26863, Gecko_IOThread] WARNING: pipe error (78): Соединение разорвано другой стороной: file /build/firefox-4VfQCB/firefox-63.0+build2/ipc/chromium/src/chrome/common/ipc_channel_posix.cc, line 356
[Parent 26863, Gecko_IOThread] WARNING: pipe error (117): Соединение разорвано другой стороной: file /build/firefox-4VfQCB/firefox-63.0+build2/ipc/chromium/src/chrome/common/ipc_channel_posix.cc, line 356
1541582592669	mozrunner::runner	INFO	Running command: "/usr/bin/firefox" "-marionette" "-foreground" "-no-remote" "-profile" "/tmp/rust_mozprofile.lyy1JhALml6g"

(firefox:27430): Gtk-WARNING **: 12:23:13.191: Theme parsing error: <data>:1:34: Expected ')' in color definition

(firefox:27430): Gtk-WARNING **: 12:23:13.191: Theme parsing error: <data>:1:77: Expected ')' in color definition
1541582594013	Marionette	INFO	Listening on port 34537
1541582594090	Marionette	WARN	TLS certificate errors will be ignored for this session
JavaScript warning: https://www.chitai-gorod.ru/search/elasticsearch-js/search.js?v=4, line 155: unreachable code after return statement
JavaScript warning: https://www.chitai-gorod.ru/search/elasticsearch-js/search-result.js?v=8, line 2394: unreachable code after return statement
JavaScript warning: https://www.chitai-gorod.ru/_Incapsula_Resource?SWJIYLWA=719d34d31c8e3a6e6fffd425f7e032f3&ns=1&cb=1802981117, line 1: unreachable code after return statement
JavaScript warning: https://www.chitai-gorod.ru/_Incapsula_Resource?SWJIYLWA=719d34d31c8e3a6e6fffd425f7e032f3&ns=1&cb=1802981117 line 1 > eval, line 1: unreachable code after return statement
JavaScript error: https://www.gdeslon.ru/landing.js?mid=80969&mode=list, line 107: Error: Error: remote script failed https://usercomebacker.com/input - https://www.gdeslon.ru/landing.js?mid=80969&mode=list: 107
JavaScript error: https://www.gdeslon.ru/landing.js?mid=80969&mode=list, line 107: Error: remote script failed https://usercomebacker.com/input
JavaScript warning: https://www.chitai-gorod.ru/search/elasticsearch-js/search.js?v=4, line 155: unreachable code after return statement
JavaScript warning: https://www.chitai-gorod.ru/search/elasticsearch-js/search-result.js?v=8, line 2394: unreachable code after return statement
1541582702462	Marionette	INFO	Stopped listening on port 34537
[Parent 27430, Gecko_IOThread] WARNING: pipe error (78): Соединение разорвано другой стороной: file /build/firefox-4VfQCB/firefox-63.0+build2/ipc/chromium/src/chrome/common/ipc_channel_posix.cc, line 356
[Parent 27430, Gecko_IOThread] WARNING: pipe error (68): Соединение разорвано другой стороной: file /build/firefox-4VfQCB/firefox-63.0+build2/ipc/chromium/src/chrome/common/ipc_channel_posix.cc, line 356
1541585291304	mozrunner::runner	INFO	Running command: "/usr/bin/firefox" "-marionette" "-foreground" "-no-remote" "-profile" "/tmp/rust_mozprofile.LvMG2GFh84mF"

(firefox:30494): Gtk-WARNING **: 13:08:11.738: Theme parsing error: <data>:1:34: Expected ')' in color definition

(firefox:30494): Gtk-WARNING **: 13:08:11.738: Theme parsing error: <data>:1:77: Expected ')' in color definition
1541585292534	Marionette	INFO	Listening on port 36487
1541585292613	Marionette	WARN	TLS certificate errors will be ignored for this session
JavaScript warning: https://www.chitai-gorod.ru/search/elasticsearch-js/search.js?v=4, line 155: unreachable code after return statement
JavaScript warning: https://www.chitai-gorod.ru/search/elasticsearch-js/search-result.js?v=8, line 2394: unreachable code after return statement
JavaScript warning: https://www.chitai-gorod.ru/_Incapsula_Resource?SWJIYLWA=719d34d31c8e3a6e6fffd425f7e032f3&ns=1&cb=226445030, line 1: unreachable code after return statement
JavaScript warning: https://www.chitai-gorod.ru/search/elasticsearch-js/search.js?v=4, line 155: unreachable code after return statement
JavaScript warning: https://www.chitai-gorod.ru/search/elasticsearch-js/search-result.js?v=8, line 2394: unreachable code after return statement
1541585320783	Marionette	INFO	Stopped listening on port 36487
[Parent 30494, Gecko_IOThread] WARNING: pipe error (78): Соединение разорвано другой стороной: file /build/firefox-4VfQCB/firefox-63.0+build2/ipc/chromium/src/chrome/common/ipc_channel_posix.cc, line 356
1541585336079	mozrunner::runner	INFO	Running command: "/usr/bin/firefox" "-marionette" "-foreground" "-no-remote" "-profile" "/tmp/rust_mozprofile.jYRev4RjbG37"

(firefox:30784): Gtk-WARNING **: 13:08:56.547: Theme parsing error: <data>:1:34: Expected ')' in color definition

(firefox:30784): Gtk-WARNING **: 13:08:56.547: Theme parsing error: <data>:1:77: Expected ')' in color definition
1541585337326	Marionette	INFO	Listening on port 44421
1541585337399	Marionette	WARN	TLS certificate errors will be ignored for this session
JavaScript warning: https://www.chitai-gorod.ru/search/elasticsearch-js/search.js?v=4, line 155: unreachable code after return statement
JavaScript warning: https://www.chitai-gorod.ru/search/elasticsearch-js/search-result.js?v=8, line 2394: unreachable code after return statement
JavaScript warning: https://www.chitai-gorod.ru/_Incapsula_Resource?SWJIYLWA=719d34d31c8e3a6e6fffd425f7e032f3&ns=1&cb=784877342, line 1: unreachable code after return statement

(/usr/lib/firefox/firefox:30922): dconf-WARNING **: 13:09:02.287: Unable to open /var/lib/snapd/desktop/dconf/profile/user: Отказано в доступе
JavaScript error: jar:file:///usr/lib/firefox/omni.ja!/components/PeerConnection.js, line 1894: TypeError: this._dompc._pc is undefined
JavaScript error: https://www.gdeslon.ru/landing.js?mid=80969&mode=list, line 107: Error: Error: remote script failed https://usercomebacker.com/input - https://www.gdeslon.ru/landing.js?mid=80969&mode=list: 107
JavaScript error: https://www.gdeslon.ru/landing.js?mid=80969&mode=list, line 107: Error: remote script failed https://usercomebacker.com/input
JavaScript warning: https://www.chitai-gorod.ru/search/elasticsearch-js/search.js?v=4, line 155: unreachable code after return statement
JavaScript warning: https://www.chitai-gorod.ru/search/elasticsearch-js/search-result.js?v=8, line 2394: unreachable code after return statement
1541585352511	Marionette	INFO	Stopped listening on port 44421
[Parent 30784, Gecko_IOThread] WARNING: pipe error (78): Соединение разорвано другой стороной: file /build/firefox-4VfQCB/firefox-63.0+build2/ipc/chromium/src/chrome/common/ipc_channel_posix.cc, line 356
[Parent 30784, Gecko_IOThread] WARNING: pipe error (68): Соединение разорвано другой стороной: file /build/firefox-4VfQCB/firefox-63.0+build2/ipc/chromium/src/chrome/common/ipc_channel_posix.cc, line 356
1541585647268	mozrunner::runner	INFO	Running command: "/usr/bin/firefox" "-marionette" "-foreground" "-no-remote" "-profile" "/tmp/rust_mozprofile.OlTPwdsehHHo"

(firefox:31830): Gtk-WARNING **: 13:14:07.768: Theme parsing error: <data>:1:34: Expected ')' in color definition

(firefox:31830): Gtk-WARNING **: 13:14:07.768: Theme parsing error: <data>:1:77: Expected ')' in color definition
1541585648653	Marionette	INFO	Listening on port 36481
1541585648676	Marionette	WARN	TLS certificate errors will be ignored for this session
JavaScript warning: https://www.chitai-gorod.ru/search/elasticsearch-js/search.js?v=4, line 155: unreachable code after return statement
JavaScript warning: https://www.chitai-gorod.ru/search/elasticsearch-js/search-result.js?v=8, line 2394: unreachable code after return statement
JavaScript warning: https://www.chitai-gorod.ru/_Incapsula_Resource?SWJIYLWA=719d34d31c8e3a6e6fffd425f7e032f3&ns=1&cb=864835859, line 1: unreachable code after return statement
JavaScript warning: https://www.chitai-gorod.ru/_Incapsula_Resource?SWJIYLWA=719d34d31c8e3a6e6fffd425f7e032f3&ns=1&cb=864835859, line 1: unreachable code after return statement
JavaScript warning: https://www.chitai-gorod.ru/_Incapsula_Resource?SWJIYLWA=719d34d31c8e3a6e6fffd425f7e032f3&ns=1&cb=864835859 line 1 > eval, line 1: unreachable code after return statement
JavaScript error: https://www.gdeslon.ru/landing.js?mid=80969&mode=list, line 107: Error: Error: remote script failed https://usercomebacker.com/input - https://www.gdeslon.ru/landing.js?mid=80969&mode=list: 107
JavaScript error: https://www.gdeslon.ru/landing.js?mid=80969&mode=list, line 107: Error: remote script failed https://usercomebacker.com/input
JavaScript warning: https://www.chitai-gorod.ru/search/elasticsearch-js/search.js?v=4, line 155: unreachable code after return statement
JavaScript warning: https://www.chitai-gorod.ru/search/elasticsearch-js/search-result.js?v=8, line 2394: unreachable code after return statement
1541585666190	Marionette	INFO	Stopped listening on port 36481
[Parent 31830, Gecko_IOThread] WARNING: pipe error (78): Соединение разорвано другой стороной: file /build/firefox-4VfQCB/firefox-63.0+build2/ipc/chromium/src/chrome/common/ipc_channel_posix.cc, line 356
1541585676191	mozrunner::runner	INFO	Running command: "/usr/bin/firefox" "-marionette" "-foreground" "-no-remote" "-profile" "/tmp/rust_mozprofile.rxhJ791mkeuK"

(firefox:32142): Gtk-WARNING **: 13:14:36.699: Theme parsing error: <data>:1:34: Expected ')' in color definition

(firefox:32142): Gtk-WARNING **: 13:14:36.699: Theme parsing error: <data>:1:77: Expected ')' in color definition
1541585677626	Marionette	INFO	Listening on port 39567
1541585677701	Marionette	WARN	TLS certificate errors will be ignored for this session
JavaScript warning: https://www.chitai-gorod.ru/search/elasticsearch-js/search.js?v=4, line 155: unreachable code after return statement
JavaScript warning: https://www.chitai-gorod.ru/search/elasticsearch-js/search-result.js?v=8, line 2394: unreachable code after return statement
JavaScript warning: https://www.chitai-gorod.ru/_Incapsula_Resource?SWJIYLWA=719d34d31c8e3a6e6fffd425f7e032f3&ns=1&cb=615322724, line 1: unreachable code after return statement
JavaScript warning: https://www.chitai-gorod.ru/_Incapsula_Resource?SWJIYLWA=719d34d31c8e3a6e6fffd425f7e032f3&ns=1&cb=615322724 line 1 > eval, line 1: unreachable code after return statement
JavaScript warning: https://www.chitai-gorod.ru/search/elasticsearch-js/search.js?v=4, line 155: unreachable code after return statement
JavaScript warning: https://www.chitai-gorod.ru/search/elasticsearch-js/search-result.js?v=8, line 2394: unreachable code after return statement
1541585792320	Marionette	INFO	Stopped listening on port 39567
[Parent 32142, Gecko_IOThread] WARNING: pipe error (78): Соединение разорвано другой стороной: file /build/firefox-4VfQCB/firefox-63.0+build2/ipc/chromium/src/chrome/common/ipc_channel_posix.cc, line 356
1541585983621	mozrunner::runner	INFO	Running command: "/usr/bin/firefox" "-marionette" "-foreground" "-no-remote" "-profile" "/tmp/rust_mozprofile.KCGJLWm8x2t9"

(firefox:365): Gtk-WARNING **: 13:19:44.075: Theme parsing error: <data>:1:34: Expected ')' in color definition

(firefox:365): Gtk-WARNING **: 13:19:44.076: Theme parsing error: <data>:1:77: Expected ')' in color definition
1541585984907	Marionette	INFO	Listening on port 36157
1541585984933	Marionette	WARN	TLS certificate errors will be ignored for this session
JavaScript warning: https://www.chitai-gorod.ru/search/elasticsearch-js/search.js?v=4, line 155: unreachable code after return statement
JavaScript warning: https://www.chitai-gorod.ru/search/elasticsearch-js/search-result.js?v=8, line 2394: unreachable code after return statement
JavaScript warning: https://www.chitai-gorod.ru/_Incapsula_Resource?SWJIYLWA=719d34d31c8e3a6e6fffd425f7e032f3&ns=1&cb=1565832507, line 1: unreachable code after return statement
JavaScript warning: https://www.chitai-gorod.ru/_Incapsula_Resource?SWJIYLWA=719d34d31c8e3a6e6fffd425f7e032f3&ns=1&cb=1565832507 line 1 > eval, line 1: unreachable code after return statement
JavaScript warning: https://www.chitai-gorod.ru/search/elasticsearch-js/search.js?v=4, line 155: unreachable code after return statement
JavaScript warning: https://www.chitai-gorod.ru/search/elasticsearch-js/search-result.js?v=8, line 2394: unreachable code after return statement
1541586001109	Marionette	INFO	Stopped listening on port 36157
JavaScript error: resource://gre/modules/WebProgressChild.jsm, line 58: TypeError: this.mm.content is null
[Parent 365, Gecko_IOThread] WARNING: pipe error (78): Соединение разорвано другой стороной: file /build/firefox-4VfQCB/firefox-63.0+build2/ipc/chromium/src/chrome/common/ipc_channel_posix.cc, line 356
1541586018361	mozrunner::runner	INFO	Running command: "/usr/bin/firefox" "-marionette" "-foreground" "-no-remote" "-profile" "/tmp/rust_mozprofile.3rzrpjF9Nag1"

(firefox:695): Gtk-WARNING **: 13:20:18.812: Theme parsing error: <data>:1:34: Expected ')' in color definition

(firefox:695): Gtk-WARNING **: 13:20:18.812: Theme parsing error: <data>:1:77: Expected ')' in color definition
1541586019595	Marionette	INFO	Listening on port 35739
1541586019672	Marionette	WARN	TLS certificate errors will be ignored for this session
JavaScript warning: https://www.chitai-gorod.ru/search/elasticsearch-js/search.js?v=4, line 155: unreachable code after return statement
JavaScript warning: https://www.chitai-gorod.ru/search/elasticsearch-js/search-result.js?v=8, line 2394: unreachable code after return statement
JavaScript warning: https://www.chitai-gorod.ru/search/elasticsearch-js/search.js?v=4, line 155: unreachable code after return statement
JavaScript warning: https://www.chitai-gorod.ru/search/elasticsearch-js/search-result.js?v=8, line 2394: unreachable code after return statement
1541586137704	Marionette	INFO	Stopped listening on port 35739
1541586155601	mozrunner::runner	INFO	Running command: "/usr/bin/firefox" "-marionette" "-foreground" "-no-remote" "-profile" "/tmp/rust_mozprofile.o1SDIVVBneS0"

(firefox:1340): Gtk-WARNING **: 13:22:36.062: Theme parsing error: <data>:1:34: Expected ')' in color definition

(firefox:1340): Gtk-WARNING **: 13:22:36.062: Theme parsing error: <data>:1:77: Expected ')' in color definition
1541586156885	Marionette	INFO	Listening on port 33393
1541586156921	Marionette	WARN	TLS certificate errors will be ignored for this session
JavaScript warning: https://www.chitai-gorod.ru/search/elasticsearch-js/search.js?v=4, line 155: unreachable code after return statement
JavaScript warning: https://www.chitai-gorod.ru/search/elasticsearch-js/search-result.js?v=8, line 2394: unreachable code after return statement
JavaScript warning: https://www.chitai-gorod.ru/_Incapsula_Resource?SWJIYLWA=719d34d31c8e3a6e6fffd425f7e032f3&ns=1&cb=1263504536, line 1: unreachable code after return statement
JavaScript error: https://www.gdeslon.ru/landing.js?mid=80969&mode=list, line 107: Error: Error: remote script failed https://usercomebacker.com/input - https://www.gdeslon.ru/landing.js?mid=80969&mode=list: 107
JavaScript error: https://www.gdeslon.ru/landing.js?mid=80969&mode=list, line 107: Error: remote script failed https://usercomebacker.com/input
JavaScript warning: https://www.chitai-gorod.ru/search/elasticsearch-js/search.js?v=4, line 155: unreachable code after return statement
JavaScript warning: https://www.chitai-gorod.ru/search/elasticsearch-js/search-result.js?v=8, line 2394: unreachable code after return statement
1541586273285	Marionette	INFO	Stopped listening on port 33393
[Parent 1340, Gecko_IOThread] WARNING: pipe error (78): Соединение разорвано другой стороной: file /build/firefox-4VfQCB/firefox-63.0+build2/ipc/chromium/src/chrome/common/ipc_channel_posix.cc, line 356
1541586882873	mozrunner::runner	INFO	Running command: "/usr/bin/firefox" "-marionette" "-foreground" "-no-remote" "-profile" "/tmp/rust_mozprofile.aHpmRU5w7uBX"

(firefox:3272): Gtk-WARNING **: 13:34:43.356: Theme parsing error: <data>:1:34: Expected ')' in color definition

(firefox:3272): Gtk-WARNING **: 13:34:43.356: Theme parsing error: <data>:1:77: Expected ')' in color definition
1541586884207	Marionette	INFO	Listening on port 42623
1541586884292	Marionette	WARN	TLS certificate errors will be ignored for this session
JavaScript warning: https://www.chitai-gorod.ru/search/elasticsearch-js/search.js?v=4, line 155: unreachable code after return statement
JavaScript warning: https://www.chitai-gorod.ru/search/elasticsearch-js/search-result.js?v=8, line 2394: unreachable code after return statement
JavaScript warning: https://www.chitai-gorod.ru/_Incapsula_Resource?SWJIYLWA=719d34d31c8e3a6e6fffd425f7e032f3&ns=1&cb=1115312785, line 1: unreachable code after return statement
JavaScript error: https://www.gdeslon.ru/landing.js?mid=80969&mode=list, line 107: Error: Error: remote script failed https://usercomebacker.com/input - https://www.gdeslon.ru/landing.js?mid=80969&mode=list: 107
JavaScript error: https://www.gdeslon.ru/landing.js?mid=80969&mode=list, line 107: Error: remote script failed https://usercomebacker.com/input
JavaScript warning: https://www.chitai-gorod.ru/search/elasticsearch-js/search.js?v=4, line 155: unreachable code after return statement
JavaScript warning: https://www.chitai-gorod.ru/search/elasticsearch-js/search-result.js?v=8, line 2394: unreachable code after return statement
1541586907941	Marionette	INFO	Stopped listening on port 42623
[Parent 3272, Gecko_IOThread] WARNING: pipe error (78): Соединение разорвано другой стороной: file /build/firefox-4VfQCB/firefox-63.0+build2/ipc/chromium/src/chrome/common/ipc_channel_posix.cc, line 356
1541587155250	mozrunner::runner	INFO	Running command: "/usr/bin/firefox" "-marionette" "-foreground" "-no-remote" "-profile" "/tmp/rust_mozprofile.YU5sverbTXc5"

(firefox:3823): Gtk-WARNING **: 13:39:15.689: Theme parsing error: <data>:1:34: Expected ')' in color definition

(firefox:3823): Gtk-WARNING **: 13:39:15.689: Theme parsing error: <data>:1:77: Expected ')' in color definition
1541587156490	Marionette	INFO	Listening on port 40379
1541587156564	Marionette	WARN	TLS certificate errors will be ignored for this session
JavaScript warning: https://www.chitai-gorod.ru/search/elasticsearch-js/search.js?v=4, line 155: unreachable code after return statement
JavaScript warning: https://www.chitai-gorod.ru/search/elasticsearch-js/search-result.js?v=8, line 2394: unreachable code after return statement
JavaScript warning: https://www.chitai-gorod.ru/_Incapsula_Resource?SWJIYLWA=719d34d31c8e3a6e6fffd425f7e032f3&ns=1&cb=633033322, line 1: unreachable code after return statement
JavaScript warning: https://www.chitai-gorod.ru/search/elasticsearch-js/search.js?v=4, line 155: unreachable code after return statement
JavaScript warning: https://www.chitai-gorod.ru/search/elasticsearch-js/search-result.js?v=8, line 2394: unreachable code after return statement
[Parent 3823, Gecko_IOThread] WARNING: pipe error (78): Соединение разорвано другой стороной: file /build/firefox-4VfQCB/firefox-63.0+build2/ipc/chromium/src/chrome/common/ipc_channel_posix.cc, line 356
[Parent 3823, Gecko_IOThread] WARNING: pipe error (84): Соединение разорвано другой стороной: file /build/firefox-4VfQCB/firefox-63.0+build2/ipc/chromium/src/chrome/common/ipc_channel_posix.cc, line 356
1541587236665	Marionette	INFO	Stopped listening on port 40379
1541587320536	mozrunner::runner	INFO	Running command: "/usr/bin/firefox" "-marionette" "-foreground" "-no-remote" "-profile" "/tmp/rust_mozprofile.BF7pWap2QTih"

(firefox:4273): Gtk-WARNING **: 13:42:00.974: Theme parsing error: <data>:1:34: Expected ')' in color definition

(firefox:4273): Gtk-WARNING **: 13:42:00.974: Theme parsing error: <data>:1:77: Expected ')' in color definition
1541587321789	Marionette	INFO	Listening on port 41899
1541587321841	Marionette	WARN	TLS certificate errors will be ignored for this session
JavaScript warning: https://www.chitai-gorod.ru/search/elasticsearch-js/search.js?v=4, line 155: unreachable code after return statement
JavaScript warning: https://www.chitai-gorod.ru/search/elasticsearch-js/search-result.js?v=8, line 2394: unreachable code after return statement
JavaScript warning: https://www.chitai-gorod.ru/_Incapsula_Resource?SWJIYLWA=719d34d31c8e3a6e6fffd425f7e032f3&ns=1&cb=1858878109, line 1: unreachable code after return statement
JavaScript warning: https://www.chitai-gorod.ru/_Incapsula_Resource?SWJIYLWA=719d34d31c8e3a6e6fffd425f7e032f3&ns=1&cb=1858878109 line 1 > eval, line 1: unreachable code after return statement
JavaScript warning: https://www.chitai-gorod.ru/search/elasticsearch-js/search.js?v=4, line 155: unreachable code after return statement
JavaScript warning: https://www.chitai-gorod.ru/search/elasticsearch-js/search-result.js?v=8, line 2394: unreachable code after return statement
[Parent 4273, Gecko_IOThread] WARNING: pipe error (78): Соединение разорвано другой стороной: file /build/firefox-4VfQCB/firefox-63.0+build2/ipc/chromium/src/chrome/common/ipc_channel_posix.cc, line 356
[Parent 4273, Gecko_IOThread] WARNING: pipe error (95): Соединение разорвано другой стороной: file /build/firefox-4VfQCB/firefox-63.0+build2/ipc/chromium/src/chrome/common/ipc_channel_posix.cc, line 356
1541587385053	Marionette	INFO	Stopped listening on port 41899
1541587432767	mozrunner::runner	INFO	Running command: "/usr/bin/firefox" "-marionette" "-foreground" "-no-remote" "-profile" "/tmp/rust_mozprofile.zpK8JEBB4AI2"

(firefox:4644): Gtk-WARNING **: 13:43:53.216: Theme parsing error: <data>:1:34: Expected ')' in color definition

(firefox:4644): Gtk-WARNING **: 13:43:53.216: Theme parsing error: <data>:1:77: Expected ')' in color definition
1541587434028	Marionette	INFO	Listening on port 39751
1541587434073	Marionette	WARN	TLS certificate errors will be ignored for this session
JavaScript warning: https://www.chitai-gorod.ru/search/elasticsearch-js/search.js?v=4, line 155: unreachable code after return statement
JavaScript warning: https://www.chitai-gorod.ru/search/elasticsearch-js/search-result.js?v=8, line 2394: unreachable code after return statement
JavaScript warning: https://www.chitai-gorod.ru/_Incapsula_Resource?SWJIYLWA=719d34d31c8e3a6e6fffd425f7e032f3&ns=1&cb=541367870, line 1: unreachable code after return statement
JavaScript warning: https://www.chitai-gorod.ru/_Incapsula_Resource?SWJIYLWA=719d34d31c8e3a6e6fffd425f7e032f3&ns=1&cb=541367870 line 1 > eval, line 1: unreachable code after return statement
JavaScript error: https://www.gdeslon.ru/landing.js?mid=80969&mode=list, line 107: Error: Error: remote script failed https://usercomebacker.com/input - https://www.gdeslon.ru/landing.js?mid=80969&mode=list: 107
JavaScript error: https://www.gdeslon.ru/landing.js?mid=80969&mode=list, line 107: Error: remote script failed https://usercomebacker.com/input
JavaScript warning: https://www.chitai-gorod.ru/search/elasticsearch-js/search.js?v=4, line 155: unreachable code after return statement
JavaScript warning: https://www.chitai-gorod.ru/search/elasticsearch-js/search-result.js?v=8, line 2394: unreachable code after return statement
[Parent 4644, Gecko_IOThread] WARNING: pipe error (78): Соединение разорвано другой стороной: file /build/firefox-4VfQCB/firefox-63.0+build2/ipc/chromium/src/chrome/common/ipc_channel_posix.cc, line 356
JavaScript error: resource://gre/modules/WebProgressChild.jsm, line 58: TypeError: this.mm.content is null
1541587569087	Marionette	INFO	Stopped listening on port 39751
1541587858215	mozrunner::runner	INFO	Running command: "/usr/bin/firefox" "-marionette" "-foreground" "-no-remote" "-profile" "/tmp/rust_mozprofile.qEIt03ZGBDnx"

(firefox:6094): Gtk-WARNING **: 13:50:58.688: Theme parsing error: <data>:1:34: Expected ')' in color definition

(firefox:6094): Gtk-WARNING **: 13:50:58.688: Theme parsing error: <data>:1:77: Expected ')' in color definition
1541587859513	Marionette	INFO	Listening on port 38133
1541587859523	Marionette	WARN	TLS certificate errors will be ignored for this session
JavaScript warning: https://www.chitai-gorod.ru/search/elasticsearch-js/search.js?v=4, line 155: unreachable code after return statement
JavaScript warning: https://www.chitai-gorod.ru/search/elasticsearch-js/search-result.js?v=8, line 2394: unreachable code after return statement
JavaScript warning: https://www.chitai-gorod.ru/_Incapsula_Resource?SWJIYLWA=719d34d31c8e3a6e6fffd425f7e032f3&ns=1&cb=681055459, line 1: unreachable code after return statement
JavaScript warning: https://www.chitai-gorod.ru/search/elasticsearch-js/search.js?v=4, line 155: unreachable code after return statement
JavaScript warning: https://www.chitai-gorod.ru/search/elasticsearch-js/search-result.js?v=8, line 2394: unreachable code after return statement
1541587898064	Marionette	INFO	Stopped listening on port 38133
[Parent 6094, Gecko_IOThread] WARNING: pipe error (78): Соединение разорвано другой стороной: file /build/firefox-4VfQCB/firefox-63.0+build2/ipc/chromium/src/chrome/common/ipc_channel_posix.cc, line 356
[Parent 6094, Gecko_IOThread] WARNING: pipe error (124): Соединение разорвано другой стороной: file /build/firefox-4VfQCB/firefox-63.0+build2/ipc/chromium/src/chrome/common/ipc_channel_posix.cc, line 356
1541588058937	mozrunner::runner	INFO	Running command: "/usr/bin/firefox" "-marionette" "-foreground" "-no-remote" "-profile" "/tmp/rust_mozprofile.StkYaPq0hP5F"

(firefox:6600): Gtk-WARNING **: 13:54:19.416: Theme parsing error: <data>:1:34: Expected ')' in color definition

(firefox:6600): Gtk-WARNING **: 13:54:19.416: Theme parsing error: <data>:1:77: Expected ')' in color definition
1541588060235	Marionette	INFO	Listening on port 40311
1541588060243	Marionette	WARN	TLS certificate errors will be ignored for this session
JavaScript warning: https://www.chitai-gorod.ru/search/elasticsearch-js/search.js?v=4, line 155: unreachable code after return statement
JavaScript warning: https://www.chitai-gorod.ru/search/elasticsearch-js/search-result.js?v=8, line 2394: unreachable code after return statement
JavaScript warning: https://www.chitai-gorod.ru/_Incapsula_Resource?SWJIYLWA=719d34d31c8e3a6e6fffd425f7e032f3&ns=1&cb=930941503, line 1: unreachable code after return statement
JavaScript warning: https://www.chitai-gorod.ru/_Incapsula_Resource?SWJIYLWA=719d34d31c8e3a6e6fffd425f7e032f3&ns=1&cb=930941503 line 1 > eval, line 1: unreachable code after return statement
JavaScript warning: https://www.chitai-gorod.ru/search/elasticsearch-js/search.js?v=4, line 155: unreachable code after return statement
JavaScript warning: https://www.chitai-gorod.ru/search/elasticsearch-js/search-result.js?v=8, line 2394: unreachable code after return statement
1541588090063	Marionette	INFO	Stopped listening on port 40311
[Parent 6600, Gecko_IOThread] WARNING: pipe error (78): Соединение разорвано другой стороной: file /build/firefox-4VfQCB/firefox-63.0+build2/ipc/chromium/src/chrome/common/ipc_channel_posix.cc, line 356
[Parent 6600, Gecko_IOThread] WARNING: pipe error (121): Соединение разорвано другой стороной: file /build/firefox-4VfQCB/firefox-63.0+build2/ipc/chromium/src/chrome/common/ipc_channel_posix.cc, line 356
1541588107378	mozrunner::runner	INFO	Running command: "/usr/bin/firefox" "-marionette" "-foreground" "-no-remote" "-profile" "/tmp/rust_mozprofile.Gq4Ti2BbnqoV"

(firefox:6920): Gtk-WARNING **: 13:55:07.824: Theme parsing error: <data>:1:34: Expected ')' in color definition

(firefox:6920): Gtk-WARNING **: 13:55:07.824: Theme parsing error: <data>:1:77: Expected ')' in color definition
1541588108638	Marionette	INFO	Listening on port 37253
1541588108690	Marionette	WARN	TLS certificate errors will be ignored for this session
JavaScript warning: https://www.chitai-gorod.ru/search/elasticsearch-js/search.js?v=4, line 155: unreachable code after return statement
JavaScript warning: https://www.chitai-gorod.ru/search/elasticsearch-js/search-result.js?v=8, line 2394: unreachable code after return statement
JavaScript warning: https://www.chitai-gorod.ru/_Incapsula_Resource?SWJIYLWA=719d34d31c8e3a6e6fffd425f7e032f3&ns=1&cb=753963309, line 1: unreachable code after return statement
JavaScript warning: https://www.chitai-gorod.ru/_Incapsula_Resource?SWJIYLWA=719d34d31c8e3a6e6fffd425f7e032f3&ns=1&cb=753963309, line 1: unreachable code after return statement
JavaScript warning: https://www.chitai-gorod.ru/_Incapsula_Resource?SWJIYLWA=719d34d31c8e3a6e6fffd425f7e032f3&ns=1&cb=753963309 line 1 > eval, line 1: unreachable code after return statement
JavaScript warning: https://www.chitai-gorod.ru/search/elasticsearch-js/search.js?v=4, line 155: unreachable code after return statement
JavaScript warning: https://www.chitai-gorod.ru/search/elasticsearch-js/search-result.js?v=8, line 2394: unreachable code after return statement
1541588149771	Marionette	INFO	Stopped listening on port 37253
[Parent 6920, Gecko_IOThread] WARNING: pipe error (78): Соединение разорвано другой стороной: file /build/firefox-4VfQCB/firefox-63.0+build2/ipc/chromium/src/chrome/common/ipc_channel_posix.cc, line 356
1541588203923	mozrunner::runner	INFO	Running command: "/usr/bin/firefox" "-marionette" "-foreground" "-no-remote" "-profile" "/tmp/rust_mozprofile.KV1bSFn3Knvx"

(firefox:7340): Gtk-WARNING **: 13:56:44.377: Theme parsing error: <data>:1:34: Expected ')' in color definition

(firefox:7340): Gtk-WARNING **: 13:56:44.377: Theme parsing error: <data>:1:77: Expected ')' in color definition
1541588205203	Marionette	INFO	Listening on port 38827
1541588205235	Marionette	WARN	TLS certificate errors will be ignored for this session
JavaScript warning: https://www.chitai-gorod.ru/search/elasticsearch-js/search.js?v=4, line 155: unreachable code after return statement
JavaScript warning: https://www.chitai-gorod.ru/search/elasticsearch-js/search-result.js?v=8, line 2394: unreachable code after return statement
JavaScript warning: https://www.chitai-gorod.ru/_Incapsula_Resource?SWJIYLWA=719d34d31c8e3a6e6fffd425f7e032f3&ns=1&cb=398179706, line 1: unreachable code after return statement
JavaScript warning: https://www.chitai-gorod.ru/_Incapsula_Resource?SWJIYLWA=719d34d31c8e3a6e6fffd425f7e032f3&ns=1&cb=398179706 line 1 > eval, line 1: unreachable code after return statement
JavaScript warning: https://www.chitai-gorod.ru/search/elasticsearch-js/search.js?v=4, line 155: unreachable code after return statement
JavaScript warning: https://www.chitai-gorod.ru/search/elasticsearch-js/search-result.js?v=8, line 2394: unreachable code after return statement
1541588261443	Marionette	INFO	Stopped listening on port 38827
[Parent 7340, Gecko_IOThread] WARNING: pipe error (97): Соединение разорвано другой стороной: file /build/firefox-4VfQCB/firefox-63.0+build2/ipc/chromium/src/chrome/common/ipc_channel_posix.cc, line 356
[Parent 7340, Gecko_IOThread] WARNING: pipe error (78): Соединение разорвано другой стороной: file /build/firefox-4VfQCB/firefox-63.0+build2/ipc/chromium/src/chrome/common/ipc_channel_posix.cc, line 356
1541588263328	mozrunner::runner	INFO	Running command: "/usr/bin/firefox" "-marionette" "-foreground" "-no-remote" "-profile" "/tmp/rust_mozprofile.mtTRW6B5IAvm"

(firefox:7715): Gtk-WARNING **: 13:57:43.784: Theme parsing error: <data>:1:34: Expected ')' in color definition

(firefox:7715): Gtk-WARNING **: 13:57:43.784: Theme parsing error: <data>:1:77: Expected ')' in color definition
1541588264610	Marionette	INFO	Listening on port 40899
1541588264635	Marionette	WARN	TLS certificate errors will be ignored for this session
JavaScript warning: https://www.chitai-gorod.ru/search/elasticsearch-js/search.js?v=4, line 155: unreachable code after return statement
JavaScript warning: https://www.chitai-gorod.ru/search/elasticsearch-js/search-result.js?v=8, line 2394: unreachable code after return statement
JavaScript warning: https://www.chitai-gorod.ru/_Incapsula_Resource?SWJIYLWA=719d34d31c8e3a6e6fffd425f7e032f3&ns=1&cb=136136630, line 1: unreachable code after return statement
JavaScript warning: https://www.chitai-gorod.ru/_Incapsula_Resource?SWJIYLWA=719d34d31c8e3a6e6fffd425f7e032f3&ns=1&cb=136136630, line 1: unreachable code after return statement
JavaScript warning: https://www.chitai-gorod.ru/_Incapsula_Resource?SWJIYLWA=719d34d31c8e3a6e6fffd425f7e032f3&ns=1&cb=136136630 line 1 > eval, line 1: unreachable code after return statement
JavaScript error: https://www.gdeslon.ru/landing.js?mid=80969&mode=list, line 107: Error: Error: remote script failed https://usercomebacker.com/input - https://www.gdeslon.ru/landing.js?mid=80969&mode=list: 107
JavaScript error: https://www.gdeslon.ru/landing.js?mid=80969&mode=list, line 107: Error: remote script failed https://usercomebacker.com/input
JavaScript warning: https://www.chitai-gorod.ru/search/elasticsearch-js/search.js?v=4, line 155: unreachable code after return statement
JavaScript warning: https://www.chitai-gorod.ru/search/elasticsearch-js/search-result.js?v=8, line 2394: unreachable code after return statement
1541588308380	Marionette	INFO	Stopped listening on port 40899
[Parent 7715, Gecko_IOThread] WARNING: pipe error (78): Соединение разорвано другой стороной: file /build/firefox-4VfQCB/firefox-63.0+build2/ipc/chromium/src/chrome/common/ipc_channel_posix.cc, line 356
[Parent 7715, Gecko_IOThread] WARNING: pipe error (123): Соединение разорвано другой стороной: file /build/firefox-4VfQCB/firefox-63.0+build2/ipc/chromium/src/chrome/common/ipc_channel_posix.cc, line 356
1541588338488	mozrunner::runner	INFO	Running command: "/usr/bin/firefox" "-marionette" "-foreground" "-no-remote" "-profile" "/tmp/rust_mozprofile.mAXpSu3w4zns"

(firefox:8057): Gtk-WARNING **: 13:58:58.958: Theme parsing error: <data>:1:34: Expected ')' in color definition

(firefox:8057): Gtk-WARNING **: 13:58:58.958: Theme parsing error: <data>:1:77: Expected ')' in color definition
1541588339795	Marionette	INFO	Listening on port 37339
1541588339896	Marionette	WARN	TLS certificate errors will be ignored for this session
JavaScript warning: https://www.chitai-gorod.ru/search/elasticsearch-js/search.js?v=4, line 155: unreachable code after return statement
JavaScript warning: https://www.chitai-gorod.ru/search/elasticsearch-js/search-result.js?v=8, line 2394: unreachable code after return statement
JavaScript warning: https://www.chitai-gorod.ru/search/elasticsearch-js/search.js?v=4, line 155: unreachable code after return statement
JavaScript warning: https://www.chitai-gorod.ru/search/elasticsearch-js/search-result.js?v=8, line 2394: unreachable code after return statement
1541588442592	Marionette	INFO	Stopped listening on port 37339
[Parent 8057, Gecko_IOThread] WARNING: pipe error (81): Соединение разорвано другой стороной: file /build/firefox-4VfQCB/firefox-63.0+build2/ipc/chromium/src/chrome/common/ipc_channel_posix.cc, line 356
[Parent 8057, Gecko_IOThread] WARNING: pipe error (78): Соединение разорвано другой стороной: file /build/firefox-4VfQCB/firefox-63.0+build2/ipc/chromium/src/chrome/common/ipc_channel_posix.cc, line 356
1541588543122	mozrunner::runner	INFO	Running command: "/usr/bin/firefox" "-marionette" "-foreground" "-no-remote" "-profile" "/tmp/rust_mozprofile.cZUBTGh0TWGs"

(firefox:8539): Gtk-WARNING **: 14:02:23.602: Theme parsing error: <data>:1:34: Expected ')' in color definition

(firefox:8539): Gtk-WARNING **: 14:02:23.602: Theme parsing error: <data>:1:77: Expected ')' in color definition
1541588544517	Marionette	INFO	Listening on port 39957
1541588544530	Marionette	WARN	TLS certificate errors will be ignored for this session
JavaScript warning: https://www.chitai-gorod.ru/search/elasticsearch-js/search.js?v=4, line 155: unreachable code after return statement
JavaScript warning: https://www.chitai-gorod.ru/search/elasticsearch-js/search-result.js?v=8, line 2394: unreachable code after return statement
JavaScript warning: https://www.chitai-gorod.ru/_Incapsula_Resource?SWJIYLWA=719d34d31c8e3a6e6fffd425f7e032f3&ns=1&cb=872769337, line 1: unreachable code after return statement
JavaScript warning: https://www.chitai-gorod.ru/_Incapsula_Resource?SWJIYLWA=719d34d31c8e3a6e6fffd425f7e032f3&ns=1&cb=872769337 line 1 > eval, line 1: unreachable code after return statement
JavaScript warning: https://www.chitai-gorod.ru/search/elasticsearch-js/search.js?v=4, line 155: unreachable code after return statement
JavaScript warning: https://www.chitai-gorod.ru/search/elasticsearch-js/search-result.js?v=8, line 2394: unreachable code after return statement
1541588599420	Marionette	INFO	Stopped listening on port 39957
[Parent 8539, Gecko_IOThread] WARNING: pipe error (78): Соединение разорвано другой стороной: file /build/firefox-4VfQCB/firefox-63.0+build2/ipc/chromium/src/chrome/common/ipc_channel_posix.cc, line 356
1541588662619	mozrunner::runner	INFO	Running command: "/usr/bin/firefox" "-marionette" "-foreground" "-no-remote" "-profile" "/tmp/rust_mozprofile.4rg9qClxyIPL"

(firefox:8910): Gtk-WARNING **: 14:04:23.072: Theme parsing error: <data>:1:34: Expected ')' in color definition

(firefox:8910): Gtk-WARNING **: 14:04:23.072: Theme parsing error: <data>:1:77: Expected ')' in color definition
1541588663928	Marionette	INFO	Listening on port 44573
1541588664029	Marionette	WARN	TLS certificate errors will be ignored for this session
JavaScript warning: https://www.chitai-gorod.ru/search/elasticsearch-js/search.js?v=4, line 155: unreachable code after return statement
JavaScript warning: https://www.chitai-gorod.ru/search/elasticsearch-js/search-result.js?v=8, line 2394: unreachable code after return statement
JavaScript warning: https://www.chitai-gorod.ru/_Incapsula_Resource?SWJIYLWA=719d34d31c8e3a6e6fffd425f7e032f3&ns=1&cb=1411625266, line 1: unreachable code after return statement
JavaScript error: https://www.gdeslon.ru/landing.js?mid=80969&mode=list, line 107: Error: Error: remote script failed https://usercomebacker.com/input - https://www.gdeslon.ru/landing.js?mid=80969&mode=list: 107
JavaScript error: https://www.gdeslon.ru/landing.js?mid=80969&mode=list, line 107: Error: remote script failed https://usercomebacker.com/input
JavaScript warning: https://www.chitai-gorod.ru/search/elasticsearch-js/search.js?v=4, line 155: unreachable code after return statement
JavaScript warning: https://www.chitai-gorod.ru/search/elasticsearch-js/search-result.js?v=8, line 2394: unreachable code after return statement
1541588688687	Marionette	INFO	Stopped listening on port 44573
[Parent 8910, Gecko_IOThread] WARNING: pipe error (78): Соединение разорвано другой стороной: file /build/firefox-4VfQCB/firefox-63.0+build2/ipc/chromium/src/chrome/common/ipc_channel_posix.cc, line 356
1541588711110	mozrunner::runner	INFO	Running command: "/usr/bin/firefox" "-marionette" "-foreground" "-no-remote" "-profile" "/tmp/rust_mozprofile.2KAMOfbfjsDs"

(firefox:9284): Gtk-WARNING **: 14:05:11.590: Theme parsing error: <data>:1:34: Expected ')' in color definition

(firefox:9284): Gtk-WARNING **: 14:05:11.590: Theme parsing error: <data>:1:77: Expected ')' in color definition
1541588712390	Marionette	INFO	Listening on port 35061
1541588712426	Marionette	WARN	TLS certificate errors will be ignored for this session
JavaScript warning: https://www.chitai-gorod.ru/search/elasticsearch-js/search.js?v=4, line 155: unreachable code after return statement
JavaScript warning: https://www.chitai-gorod.ru/search/elasticsearch-js/search-result.js?v=8, line 2394: unreachable code after return statement
JavaScript warning: https://www.chitai-gorod.ru/_Incapsula_Resource?SWJIYLWA=719d34d31c8e3a6e6fffd425f7e032f3&ns=1&cb=1411223526, line 1: unreachable code after return statement
JavaScript warning: https://www.chitai-gorod.ru/_Incapsula_Resource?SWJIYLWA=719d34d31c8e3a6e6fffd425f7e032f3&ns=1&cb=1411223526 line 1 > eval, line 1: unreachable code after return statement
JavaScript error: https://www.gdeslon.ru/landing.js?mid=80969&mode=list, line 107: Error: Error: remote script failed https://usercomebacker.com/input - https://www.gdeslon.ru/landing.js?mid=80969&mode=list: 107
JavaScript error: https://www.gdeslon.ru/landing.js?mid=80969&mode=list, line 107: Error: remote script failed https://usercomebacker.com/input
JavaScript warning: https://www.chitai-gorod.ru/search/elasticsearch-js/search.js?v=4, line 155: unreachable code after return statement
JavaScript warning: https://www.chitai-gorod.ru/search/elasticsearch-js/search-result.js?v=8, line 2394: unreachable code after return statement
[Parent 9284, Gecko_IOThread] WARNING: pipe error (78): Соединение разорвано другой стороной: file /build/firefox-4VfQCB/firefox-63.0+build2/ipc/chromium/src/chrome/common/ipc_channel_posix.cc, line 356
[Parent 9284, Gecko_IOThread] WARNING: pipe error (65): Соединение разорвано другой стороной: file /build/firefox-4VfQCB/firefox-63.0+build2/ipc/chromium/src/chrome/common/ipc_channel_posix.cc, line 356
[Parent 9284, Gecko_IOThread] WARNING: pipe error (123): Соединение разорвано другой стороной: file /build/firefox-4VfQCB/firefox-63.0+build2/ipc/chromium/src/chrome/common/ipc_channel_posix.cc, line 356
1541588765766	Marionette	INFO	Stopped listening on port 35061
1541588773153	mozrunner::runner	INFO	Running command: "/usr/bin/firefox" "-marionette" "-foreground" "-no-remote" "-profile" "/tmp/rust_mozprofile.WGAz7YfgVxTK"

(firefox:9599): Gtk-WARNING **: 14:06:13.641: Theme parsing error: <data>:1:34: Expected ')' in color definition

(firefox:9599): Gtk-WARNING **: 14:06:13.641: Theme parsing error: <data>:1:77: Expected ')' in color definition
1541588774462	Marionette	INFO	Listening on port 34301
1541588774562	Marionette	WARN	TLS certificate errors will be ignored for this session
JavaScript warning: https://www.chitai-gorod.ru/search/elasticsearch-js/search.js?v=4, line 155: unreachable code after return statement
JavaScript warning: https://www.chitai-gorod.ru/search/elasticsearch-js/search-result.js?v=8, line 2394: unreachable code after return statement
JavaScript warning: https://www.chitai-gorod.ru/_Incapsula_Resource?SWJIYLWA=719d34d31c8e3a6e6fffd425f7e032f3&ns=1&cb=1223934221, line 1: unreachable code after return statement
JavaScript warning: https://www.chitai-gorod.ru/_Incapsula_Resource?SWJIYLWA=719d34d31c8e3a6e6fffd425f7e032f3&ns=1&cb=1223934221, line 1: unreachable code after return statement
JavaScript warning: https://www.chitai-gorod.ru/_Incapsula_Resource?SWJIYLWA=719d34d31c8e3a6e6fffd425f7e032f3&ns=1&cb=1223934221 line 1 > eval, line 1: unreachable code after return statement
JavaScript error: https://www.gdeslon.ru/landing.js?mid=80969&mode=list, line 107: Error: Error: remote script failed https://usercomebacker.com/input - https://www.gdeslon.ru/landing.js?mid=80969&mode=list: 107
JavaScript error: https://www.gdeslon.ru/landing.js?mid=80969&mode=list, line 107: Error: remote script failed https://usercomebacker.com/input
JavaScript warning: https://www.chitai-gorod.ru/search/elasticsearch-js/search.js?v=4, line 155: unreachable code after return statement
JavaScript warning: https://www.chitai-gorod.ru/search/elasticsearch-js/search-result.js?v=8, line 2394: unreachable code after return statement
1541588832151	Marionette	INFO	Stopped listening on port 34301
[Parent 9599, Gecko_IOThread] WARNING: pipe error (78): Соединение разорвано другой стороной: file /build/firefox-4VfQCB/firefox-63.0+build2/ipc/chromium/src/chrome/common/ipc_channel_posix.cc, line 356
[Parent 9599, Gecko_IOThread] WARNING: pipe error (68): Соединение разорвано другой стороной: file /build/firefox-4VfQCB/firefox-63.0+build2/ipc/chromium/src/chrome/common/ipc_channel_posix.cc, line 356
1541589329400	mozrunner::runner	INFO	Running command: "/usr/bin/firefox" "-marionette" "-foreground" "-no-remote" "-profile" "/tmp/rust_mozprofile.wdSBrkGUxi7C"

(firefox:10699): Gtk-WARNING **: 14:15:29.916: Theme parsing error: <data>:1:34: Expected ')' in color definition

(firefox:10699): Gtk-WARNING **: 14:15:29.916: Theme parsing error: <data>:1:77: Expected ')' in color definition
1541589330726	Marionette	INFO	Listening on port 37413
1541589330819	Marionette	WARN	TLS certificate errors will be ignored for this session
JavaScript warning: https://www.chitai-gorod.ru/search/elasticsearch-js/search.js?v=4, line 155: unreachable code after return statement
JavaScript warning: https://www.chitai-gorod.ru/search/elasticsearch-js/search-result.js?v=8, line 2394: unreachable code after return statement
JavaScript warning: https://www.chitai-gorod.ru/_Incapsula_Resource?SWJIYLWA=719d34d31c8e3a6e6fffd425f7e032f3&ns=1&cb=1440198538, line 1: unreachable code after return statement
JavaScript error: https://www.gdeslon.ru/landing.js?mid=80969&mode=list, line 107: Error: Error: remote script failed https://usercomebacker.com/input - https://www.gdeslon.ru/landing.js?mid=80969&mode=list: 107
JavaScript error: https://www.gdeslon.ru/landing.js?mid=80969&mode=list, line 107: Error: remote script failed https://usercomebacker.com/input
JavaScript warning: https://www.chitai-gorod.ru/search/elasticsearch-js/search.js?v=4, line 155: unreachable code after return statement
JavaScript warning: https://www.chitai-gorod.ru/search/elasticsearch-js/search-result.js?v=8, line 2394: unreachable code after return statement
1541589384719	Marionette	INFO	Stopped listening on port 37413
[Parent 10699, Gecko_IOThread] WARNING: pipe error (78): Соединение разорвано другой стороной: file /build/firefox-4VfQCB/firefox-63.0+build2/ipc/chromium/src/chrome/common/ipc_channel_posix.cc, line 356
1541589500808	mozrunner::runner	INFO	Running command: "/usr/bin/firefox" "-marionette" "-foreground" "-no-remote" "-profile" "/tmp/rust_mozprofile.iJy9kh9lmTRy"

(firefox:11173): Gtk-WARNING **: 14:18:21.283: Theme parsing error: <data>:1:34: Expected ')' in color definition

(firefox:11173): Gtk-WARNING **: 14:18:21.283: Theme parsing error: <data>:1:77: Expected ')' in color definition
1541589502188	Marionette	INFO	Listening on port 44117
1541589502224	Marionette	WARN	TLS certificate errors will be ignored for this session
JavaScript warning: https://www.chitai-gorod.ru/search/elasticsearch-js/search.js?v=4, line 155: unreachable code after return statement
JavaScript warning: https://www.chitai-gorod.ru/search/elasticsearch-js/search-result.js?v=8, line 2394: unreachable code after return statement
JavaScript warning: https://www.chitai-gorod.ru/_Incapsula_Resource?SWJIYLWA=719d34d31c8e3a6e6fffd425f7e032f3&ns=1&cb=49868153, line 1: unreachable code after return statement
JavaScript error: https://www.gdeslon.ru/landing.js?mid=80969&mode=list, line 107: Error: Error: remote script failed https://usercomebacker.com/input - https://www.gdeslon.ru/landing.js?mid=80969&mode=list: 107
JavaScript error: https://www.gdeslon.ru/landing.js?mid=80969&mode=list, line 107: Error: remote script failed https://usercomebacker.com/input
JavaScript warning: https://www.chitai-gorod.ru/search/elasticsearch-js/search.js?v=4, line 155: unreachable code after return statement
JavaScript warning: https://www.chitai-gorod.ru/search/elasticsearch-js/search-result.js?v=8, line 2394: unreachable code after return statement
1541589554249	Marionette	INFO	Stopped listening on port 44117
[Parent 11173, Gecko_IOThread] WARNING: pipe error (78): Соединение разорвано другой стороной: file /build/firefox-4VfQCB/firefox-63.0+build2/ipc/chromium/src/chrome/common/ipc_channel_posix.cc, line 356
1541595817868	mozrunner::runner	INFO	Running command: "/usr/bin/firefox" "-marionette" "-foreground" "-no-remote" "-profile" "/tmp/rust_mozprofile.5hvJEQvs8wGg"

(firefox:19029): Gtk-WARNING **: 16:03:38.330: Theme parsing error: <data>:1:34: Expected ')' in color definition

(firefox:19029): Gtk-WARNING **: 16:03:38.330: Theme parsing error: <data>:1:77: Expected ')' in color definition
1541595819192	Marionette	INFO	Listening on port 33191
1541595819275	Marionette	WARN	TLS certificate errors will be ignored for this session
1541595830866	Marionette	INFO	Stopped listening on port 33191
[Parent 19029, Gecko_IOThread] WARNING: pipe error (78): Соединение разорвано другой стороной: file /build/firefox-4VfQCB/firefox-63.0+build2/ipc/chromium/src/chrome/common/ipc_channel_posix.cc, line 356
1541595838625	mozrunner::runner	INFO	Running command: "/usr/bin/firefox" "-marionette" "-foreground" "-no-remote" "-profile" "/tmp/rust_mozprofile.ywzdkhmphjGa"

(firefox:19321): Gtk-WARNING **: 16:03:59.085: Theme parsing error: <data>:1:34: Expected ')' in color definition

(firefox:19321): Gtk-WARNING **: 16:03:59.085: Theme parsing error: <data>:1:77: Expected ')' in color definition
1541595839974	Marionette	INFO	Listening on port 39371
1541595840041	Marionette	WARN	TLS certificate errors will be ignored for this session
JavaScript warning: https://www.chitai-gorod.ru/search/elasticsearch-js/search.js?v=4, line 155: unreachable code after return statement
JavaScript warning: https://www.chitai-gorod.ru/search/elasticsearch-js/search-result.js?v=8, line 2394: unreachable code after return statement
JavaScript warning: https://www.chitai-gorod.ru/_Incapsula_Resource?SWJIYLWA=719d34d31c8e3a6e6fffd425f7e032f3&ns=1&cb=1678770493, line 1: unreachable code after return statement
JavaScript warning: https://www.chitai-gorod.ru/_Incapsula_Resource?SWJIYLWA=719d34d31c8e3a6e6fffd425f7e032f3&ns=1&cb=1678770493, line 1: unreachable code after return statement
JavaScript warning: https://www.chitai-gorod.ru/_Incapsula_Resource?SWJIYLWA=719d34d31c8e3a6e6fffd425f7e032f3&ns=1&cb=1678770493 line 1 > eval, line 1: unreachable code after return statement
JavaScript error: https://www.gdeslon.ru/landing.js?mid=80969&mode=list, line 107: Error: Error: remote script failed https://usercomebacker.com/input - https://www.gdeslon.ru/landing.js?mid=80969&mode=list: 107
JavaScript error: https://www.gdeslon.ru/landing.js?mid=80969&mode=list, line 107: Error: remote script failed https://usercomebacker.com/input
JavaScript warning: https://www.chitai-gorod.ru/search/elasticsearch-js/search.js?v=4, line 155: unreachable code after return statement
JavaScript warning: https://www.chitai-gorod.ru/search/elasticsearch-js/search-result.js?v=8, line 2394: unreachable code after return statement
1541595907951	Marionette	INFO	Stopped listening on port 39371
[Parent 19321, Gecko_IOThread] WARNING: pipe error (78): Соединение разорвано другой стороной: file /build/firefox-4VfQCB/firefox-63.0+build2/ipc/chromium/src/chrome/common/ipc_channel_posix.cc, line 356
1541597867690	mozrunner::runner	INFO	Running command: "/usr/bin/firefox" "-marionette" "-foreground" "-no-remote" "-profile" "/tmp/rust_mozprofile.YvEeyzUli44o"

(firefox:25910): Gtk-WARNING **: 16:37:48.161: Theme parsing error: <data>:1:34: Expected ')' in color definition

(firefox:25910): Gtk-WARNING **: 16:37:48.161: Theme parsing error: <data>:1:77: Expected ')' in color definition
1541597869001	Marionette	INFO	Listening on port 38645
1541597869100	Marionette	WARN	TLS certificate errors will be ignored for this session
1541597883307	Marionette	INFO	Stopped listening on port 38645
[Parent 25910, Gecko_IOThread] WARNING: pipe error (78): Соединение разорвано другой стороной: file /build/firefox-4VfQCB/firefox-63.0+build2/ipc/chromium/src/chrome/common/ipc_channel_posix.cc, line 356
1541597883860	mozrunner::runner	INFO	Running command: "/usr/bin/firefox" "-marionette" "-foreground" "-no-remote" "-profile" "/tmp/rust_mozprofile.TyAv967NVxqm"

(firefox:26175): Gtk-WARNING **: 16:38:04.331: Theme parsing error: <data>:1:34: Expected ')' in color definition

(firefox:26175): Gtk-WARNING **: 16:38:04.331: Theme parsing error: <data>:1:77: Expected ')' in color definition
1541597885165	Marionette	INFO	Listening on port 37415
1541597885264	Marionette	WARN	TLS certificate errors will be ignored for this session
JavaScript warning: https://www.chitai-gorod.ru/search/elasticsearch-js/search.js?v=4, line 155: unreachable code after return statement
JavaScript warning: https://www.chitai-gorod.ru/search/elasticsearch-js/search-result.js?v=8, line 2394: unreachable code after return statement
JavaScript warning: https://www.chitai-gorod.ru/_Incapsula_Resource?SWJIYLWA=719d34d31c8e3a6e6fffd425f7e032f3&ns=154&cb=311525161, line 1: unreachable code after return statement
JavaScript warning: https://www.chitai-gorod.ru/_Incapsula_Resource?SWJIYLWA=719d34d31c8e3a6e6fffd425f7e032f3&ns=154&cb=311525161 line 1 > eval, line 1: unreachable code after return statement
JavaScript error: https://www.gdeslon.ru/landing.js?mid=80969&mode=list, line 107: Error: Error: remote script failed https://usercomebacker.com/input - https://www.gdeslon.ru/landing.js?mid=80969&mode=list: 107
JavaScript error: https://www.gdeslon.ru/landing.js?mid=80969&mode=list, line 107: Error: remote script failed https://usercomebacker.com/input
JavaScript warning: https://www.chitai-gorod.ru/search/elasticsearch-js/search.js?v=4, line 155: unreachable code after return statement
JavaScript warning: https://www.chitai-gorod.ru/search/elasticsearch-js/search-result.js?v=8, line 2394: unreachable code after return statement
1541597938962	Marionette	INFO	Stopped listening on port 37415
[Parent 26175, Gecko_IOThread] WARNING: pipe error (78): Соединение разорвано другой стороной: file /build/firefox-4VfQCB/firefox-63.0+build2/ipc/chromium/src/chrome/common/ipc_channel_posix.cc, line 356
1541603695578	mozrunner::runner	INFO	Running command: "/usr/bin/firefox" "-marionette" "-foreground" "-no-remote" "-profile" "/tmp/rust_mozprofile.GeluK7SDM5om"

(firefox:30582): Gtk-WARNING **: 18:14:56.071: Theme parsing error: <data>:1:34: Expected ')' in color definition

(firefox:30582): Gtk-WARNING **: 18:14:56.071: Theme parsing error: <data>:1:77: Expected ')' in color definition
1541603696952	Marionette	INFO	Listening on port 41639
1541603696987	Marionette	WARN	TLS certificate errors will be ignored for this session
1541603714234	Marionette	INFO	Stopped listening on port 41639

###!!! [Child][RunMessage] Error: Channel closing: too late to send/recv, messages will be lost

[Parent 30582, Gecko_IOThread] WARNING: pipe error (78): Соединение разорвано другой стороной: file /build/firefox-4VfQCB/firefox-63.0+build2/ipc/chromium/src/chrome/common/ipc_channel_posix.cc, line 356
[Parent 30582, Gecko_IOThread] WARNING: pipe error (95): Соединение разорвано другой стороной: file /build/firefox-4VfQCB/firefox-63.0+build2/ipc/chromium/src/chrome/common/ipc_channel_posix.cc, line 356
1541603714672	mozrunner::runner	INFO	Running command: "/usr/bin/firefox" "-marionette" "-foreground" "-no-remote" "-profile" "/tmp/rust_mozprofile.InYsSiyQifqI"

(firefox:30856): Gtk-WARNING **: 18:15:15.156: Theme parsing error: <data>:1:34: Expected ')' in color definition

(firefox:30856): Gtk-WARNING **: 18:15:15.156: Theme parsing error: <data>:1:77: Expected ')' in color definition
1541603716007	Marionette	INFO	Listening on port 42775
1541603716078	Marionette	WARN	TLS certificate errors will be ignored for this session
JavaScript warning: https://www.chitai-gorod.ru/search/elasticsearch-js/search.js?v=4, line 155: unreachable code after return statement
JavaScript warning: https://www.chitai-gorod.ru/search/elasticsearch-js/search-result.js?v=8, line 2394: unreachable code after return statement
JavaScript warning: https://www.chitai-gorod.ru/_Incapsula_Resource?SWJIYLWA=719d34d31c8e3a6e6fffd425f7e032f3&ns=7&cb=1200050745, line 1: unreachable code after return statement
JavaScript warning: https://www.chitai-gorod.ru/_Incapsula_Resource?SWJIYLWA=719d34d31c8e3a6e6fffd425f7e032f3&ns=7&cb=1200050745, line 1: unreachable code after return statement
JavaScript warning: https://www.chitai-gorod.ru/_Incapsula_Resource?SWJIYLWA=719d34d31c8e3a6e6fffd425f7e032f3&ns=7&cb=1200050745 line 1 > eval, line 1: unreachable code after return statement
JavaScript error: https://www.gdeslon.ru/landing.js?mid=80969&mode=list, line 107: Error: Error: remote script failed https://usercomebacker.com/input - https://www.gdeslon.ru/landing.js?mid=80969&mode=list: 107
JavaScript error: https://www.gdeslon.ru/landing.js?mid=80969&mode=list, line 107: Error: remote script failed https://usercomebacker.com/input
JavaScript warning: https://www.chitai-gorod.ru/search/elasticsearch-js/search.js?v=4, line 155: unreachable code after return statement
JavaScript warning: https://www.chitai-gorod.ru/search/elasticsearch-js/search-result.js?v=8, line 2394: unreachable code after return statement
1541603768092	Marionette	INFO	Stopped listening on port 42775
[Parent 30856, Gecko_IOThread] WARNING: pipe error (78): Соединение разорвано другой стороной: file /build/firefox-4VfQCB/firefox-63.0+build2/ipc/chromium/src/chrome/common/ipc_channel_posix.cc, line 356
[Parent 30856, Gecko_IOThread] WARNING: pipe error (68): Соединение разорвано другой стороной: file /build/firefox-4VfQCB/firefox-63.0+build2/ipc/chromium/src/chrome/common/ipc_channel_posix.cc, line 356
1541604244884	mozrunner::runner	INFO	Running command: "/usr/bin/firefox" "-marionette" "-foreground" "-no-remote" "-profile" "/tmp/rust_mozprofile.4XrlN6nYOtNC"

(firefox:2396): Gtk-WARNING **: 18:24:05.361: Theme parsing error: <data>:1:34: Expected ')' in color definition

(firefox:2396): Gtk-WARNING **: 18:24:05.361: Theme parsing error: <data>:1:77: Expected ')' in color definition
1541604246241	Marionette	INFO	Listening on port 40945
1541604246288	Marionette	WARN	TLS certificate errors will be ignored for this session
1541604252964	Marionette	INFO	Stopped listening on port 40945
[Parent 2396, Gecko_IOThread] WARNING: pipe error (78): Соединение разорвано другой стороной: file /build/firefox-4VfQCB/firefox-63.0+build2/ipc/chromium/src/chrome/common/ipc_channel_posix.cc, line 356
1541604254574	mozrunner::runner	INFO	Running command: "/usr/bin/firefox" "-marionette" "-foreground" "-no-remote" "-profile" "/tmp/rust_mozprofile.OHZNeTWrs04a"

(firefox:2676): Gtk-WARNING **: 18:24:15.186: Theme parsing error: <data>:1:34: Expected ')' in color definition

(firefox:2676): Gtk-WARNING **: 18:24:15.186: Theme parsing error: <data>:1:77: Expected ')' in color definition
1541604256114	Marionette	INFO	Listening on port 33975
1541604256190	Marionette	WARN	TLS certificate errors will be ignored for this session
JavaScript warning: https://www.chitai-gorod.ru/search/elasticsearch-js/search.js?v=4, line 155: unreachable code after return statement
JavaScript warning: https://www.chitai-gorod.ru/search/elasticsearch-js/search-result.js?v=8, line 2394: unreachable code after return statement
JavaScript warning: https://www.chitai-gorod.ru/search/elasticsearch-js/search.js?v=4, line 155: unreachable code after return statement
JavaScript warning: https://www.chitai-gorod.ru/search/elasticsearch-js/search-result.js?v=8, line 2394: unreachable code after return statement
1541604307790	Marionette	INFO	Stopped listening on port 33975
[Parent 2676, Gecko_IOThread] WARNING: pipe error (78): Соединение разорвано другой стороной: file /build/firefox-4VfQCB/firefox-63.0+build2/ipc/chromium/src/chrome/common/ipc_channel_posix.cc, line 356
1541605422928	mozrunner::runner	INFO	Running command: "/usr/bin/firefox" "-marionette" "-foreground" "-no-remote" "-profile" "/tmp/rust_mozprofile.dv38UgUW70ci"

(firefox:3518): Gtk-WARNING **: 18:43:43.400: Theme parsing error: <data>:1:34: Expected ')' in color definition

(firefox:3518): Gtk-WARNING **: 18:43:43.400: Theme parsing error: <data>:1:77: Expected ')' in color definition
1541605424203	Marionette	INFO	Listening on port 37725
1541605424238	Marionette	WARN	TLS certificate errors will be ignored for this session
1541605433456	Marionette	INFO	Stopped listening on port 37725
[Parent 3518, Gecko_IOThread] WARNING: pipe error (78): Соединение разорвано другой стороной: file /build/firefox-4VfQCB/firefox-63.0+build2/ipc/chromium/src/chrome/common/ipc_channel_posix.cc, line 356
1541605435031	mozrunner::runner	INFO	Running command: "/usr/bin/firefox" "-marionette" "-foreground" "-no-remote" "-profile" "/tmp/rust_mozprofile.bzh0X3LYb4zQ"

(firefox:3787): Gtk-WARNING **: 18:43:55.561: Theme parsing error: <data>:1:34: Expected ')' in color definition

(firefox:3787): Gtk-WARNING **: 18:43:55.561: Theme parsing error: <data>:1:77: Expected ')' in color definition
1541605436381	Marionette	INFO	Listening on port 39473
1541605436455	Marionette	WARN	TLS certificate errors will be ignored for this session
JavaScript warning: https://www.chitai-gorod.ru/search/elasticsearch-js/search.js?v=4, line 155: unreachable code after return statement
JavaScript warning: https://www.chitai-gorod.ru/search/elasticsearch-js/search-result.js?v=8, line 2394: unreachable code after return statement
JavaScript warning: https://www.chitai-gorod.ru/_Incapsula_Resource?SWJIYLWA=719d34d31c8e3a6e6fffd425f7e032f3&ns=4&cb=323969073, line 1: unreachable code after return statement
JavaScript warning: https://www.chitai-gorod.ru/_Incapsula_Resource?SWJIYLWA=719d34d31c8e3a6e6fffd425f7e032f3&ns=4&cb=323969073, line 1: unreachable code after return statement
JavaScript warning: https://www.chitai-gorod.ru/_Incapsula_Resource?SWJIYLWA=719d34d31c8e3a6e6fffd425f7e032f3&ns=4&cb=323969073 line 1 > eval, line 1: unreachable code after return statement
JavaScript warning: https://www.chitai-gorod.ru/search/elasticsearch-js/search.js?v=4, line 155: unreachable code after return statement
JavaScript warning: https://www.chitai-gorod.ru/search/elasticsearch-js/search-result.js?v=8, line 2394: unreachable code after return statement
JavaScript warning: https://www.chitai-gorod.ru/search/elasticsearch-js/search.js?v=4, line 155: unreachable code after return statement
JavaScript warning: https://www.chitai-gorod.ru/search/elasticsearch-js/search-result.js?v=8, line 2394: unreachable code after return statement
JavaScript warning: https://www.chitai-gorod.ru/search/elasticsearch-js/search.js?v=4, line 155: unreachable code after return statement
JavaScript warning: https://www.chitai-gorod.ru/search/elasticsearch-js/search-result.js?v=8, line 2394: unreachable code after return statement
1541605630143	Marionette	INFO	Stopped listening on port 39473
[Parent 3787, Gecko_IOThread] WARNING: pipe error (78): Соединение разорвано другой стороной: file /build/firefox-4VfQCB/firefox-63.0+build2/ipc/chromium/src/chrome/common/ipc_channel_posix.cc, line 356
[Parent 3787, Gecko_IOThread] WARNING: pipe error (68): Соединение разорвано другой стороной: file /build/firefox-4VfQCB/firefox-63.0+build2/ipc/chromium/src/chrome/common/ipc_channel_posix.cc, line 356
1541606130182	mozrunner::runner	INFO	Running command: "/usr/bin/firefox" "-marionette" "-foreground" "-no-remote" "-profile" "/tmp/rust_mozprofile.bu9MMiLN4U5i"

(firefox:4318): Gtk-WARNING **: 18:55:30.650: Theme parsing error: <data>:1:34: Expected ')' in color definition

(firefox:4318): Gtk-WARNING **: 18:55:30.650: Theme parsing error: <data>:1:77: Expected ')' in color definition
1541606131444	Marionette	INFO	Listening on port 41325
1541606131487	Marionette	WARN	TLS certificate errors will be ignored for this session
JavaScript warning: https://www.chitai-gorod.ru/search/elasticsearch-js/search.js?v=4, line 155: unreachable code after return statement
JavaScript warning: https://www.chitai-gorod.ru/search/elasticsearch-js/search-result.js?v=8, line 2394: unreachable code after return statement
JavaScript warning: https://www.chitai-gorod.ru/_Incapsula_Resource?SWJIYLWA=719d34d31c8e3a6e6fffd425f7e032f3&ns=1&cb=1019474087, line 1: unreachable code after return statement
JavaScript warning: https://www.chitai-gorod.ru/_Incapsula_Resource?SWJIYLWA=719d34d31c8e3a6e6fffd425f7e032f3&ns=1&cb=1019474087, line 1: unreachable code after return statement
JavaScript warning: https://www.chitai-gorod.ru/_Incapsula_Resource?SWJIYLWA=719d34d31c8e3a6e6fffd425f7e032f3&ns=1&cb=1019474087 line 1 > eval, line 1: unreachable code after return statement
JavaScript warning: https://www.chitai-gorod.ru/search/elasticsearch-js/search.js?v=4, line 155: unreachable code after return statement
JavaScript warning: https://www.chitai-gorod.ru/search/elasticsearch-js/search-result.js?v=8, line 2394: unreachable code after return statement
JavaScript warning: https://www.chitai-gorod.ru/search/elasticsearch-js/search.js?v=4, line 155: unreachable code after return statement
JavaScript warning: https://www.chitai-gorod.ru/search/elasticsearch-js/search-result.js?v=8, line 2394: unreachable code after return statement
JavaScript warning: https://www.chitai-gorod.ru/search/elasticsearch-js/search.js?v=4, line 155: unreachable code after return statement
JavaScript warning: https://www.chitai-gorod.ru/search/elasticsearch-js/search-result.js?v=8, line 2394: unreachable code after return statement
1541606327964	Marionette	INFO	Stopped listening on port 41325
[Parent 4318, Gecko_IOThread] WARNING: pipe error (78): Соединение разорвано другой стороной: file /build/firefox-4VfQCB/firefox-63.0+build2/ipc/chromium/src/chrome/common/ipc_channel_posix.cc, line 356
[Parent 4318, Gecko_IOThread] WARNING: pipe error (124): Соединение разорвано другой стороной: file /build/firefox-4VfQCB/firefox-63.0+build2/ipc/chromium/src/chrome/common/ipc_channel_posix.cc, line 356
1541609373507	mozrunner::runner	INFO	Running command: "/usr/bin/firefox" "-marionette" "-foreground" "-no-remote" "-profile" "/tmp/rust_mozprofile.j8o6NaHe3L1d"

(firefox:7103): Gtk-WARNING **: 19:49:33.984: Theme parsing error: <data>:1:34: Expected ')' in color definition

(firefox:7103): Gtk-WARNING **: 19:49:33.984: Theme parsing error: <data>:1:77: Expected ')' in color definition
1541609374953	Marionette	INFO	Listening on port 39953
1541609375016	Marionette	WARN	TLS certificate errors will be ignored for this session
1541609390443	Marionette	INFO	Stopped listening on port 39953
[Child 7239, Chrome_ChildThread] WARNING: pipe error: Обрыв канала: file /build/firefox-4VfQCB/firefox-63.0+build2/ipc/chromium/src/chrome/common/ipc_channel_posix.cc, line 729
[Child 7239, Chrome_ChildThread] WARNING: pipe error (3): Соединение разорвано другой стороной: file /build/firefox-4VfQCB/firefox-63.0+build2/ipc/chromium/src/chrome/common/ipc_channel_posix.cc, line 356
[Parent 7103, Gecko_IOThread] WARNING: pipe error (99): Соединение разорвано другой стороной: file /build/firefox-4VfQCB/firefox-63.0+build2/ipc/chromium/src/chrome/common/ipc_channel_posix.cc, line 356
[Parent 7103, Gecko_IOThread] WARNING: pipe error (78): Соединение разорвано другой стороной: file /build/firefox-4VfQCB/firefox-63.0+build2/ipc/chromium/src/chrome/common/ipc_channel_posix.cc, line 356
1541609390915	mozrunner::runner	INFO	Running command: "/usr/bin/firefox" "-marionette" "-foreground" "-no-remote" "-profile" "/tmp/rust_mozprofile.0gCPdvarKbnS"

(firefox:7367): Gtk-WARNING **: 19:49:51.436: Theme parsing error: <data>:1:34: Expected ')' in color definition

(firefox:7367): Gtk-WARNING **: 19:49:51.436: Theme parsing error: <data>:1:77: Expected ')' in color definition
1541609392295	Marionette	INFO	Listening on port 43925
1541609392328	Marionette	WARN	TLS certificate errors will be ignored for this session
JavaScript warning: https://www.chitai-gorod.ru/search/elasticsearch-js/search.js?v=4, line 155: unreachable code after return statement
JavaScript warning: https://www.chitai-gorod.ru/search/elasticsearch-js/search-result.js?v=8, line 2394: unreachable code after return statement
JavaScript warning: https://www.chitai-gorod.ru/_Incapsula_Resource?SWJIYLWA=719d34d31c8e3a6e6fffd425f7e032f3&ns=4&cb=495665147, line 1: unreachable code after return statement
JavaScript warning: https://www.chitai-gorod.ru/_Incapsula_Resource?SWJIYLWA=719d34d31c8e3a6e6fffd425f7e032f3&ns=4&cb=495665147, line 1: unreachable code after return statement
JavaScript warning: https://www.chitai-gorod.ru/_Incapsula_Resource?SWJIYLWA=719d34d31c8e3a6e6fffd425f7e032f3&ns=4&cb=495665147 line 1 > eval, line 1: unreachable code after return statement
JavaScript warning: https://www.chitai-gorod.ru/search/elasticsearch-js/search.js?v=4, line 155: unreachable code after return statement
JavaScript warning: https://www.chitai-gorod.ru/search/elasticsearch-js/search-result.js?v=8, line 2394: unreachable code after return statement
JavaScript warning: https://www.chitai-gorod.ru/search/elasticsearch-js/search.js?v=4, line 155: unreachable code after return statement
JavaScript warning: https://www.chitai-gorod.ru/search/elasticsearch-js/search-result.js?v=8, line 2394: unreachable code after return statement
JavaScript warning: https://www.chitai-gorod.ru/search/elasticsearch-js/search.js?v=4, line 155: unreachable code after return statement
JavaScript warning: https://www.chitai-gorod.ru/search/elasticsearch-js/search-result.js?v=8, line 2394: unreachable code after return statement
1541609541405	Marionette	INFO	Stopped listening on port 43925
[Parent 7367, Gecko_IOThread] WARNING: pipe error (78): Соединение разорвано другой стороной: file /build/firefox-4VfQCB/firefox-63.0+build2/ipc/chromium/src/chrome/common/ipc_channel_posix.cc, line 356
